Using pre-set license

 COMMAND LINE ARGUMENTS:
/Applications/Unity/Hub/Editor/2020.3.12f1/Unity.app/Contents/MacOS/Unity
-adb2
-batchMode
-noUpm
-name
AssetImportWorker0
-projectPath
/Users/NB3/Documents/1.nellyXinwei/1.CODE/1.LEARN/Unity/FCCAwesomeTuts-LearnUnityBeginnerGameDevTutorial-20210415
-logFile
Logs/AssetImportWorker0.log
-srvPort
58938
Successfully changed project path to: /Users/NB3/Documents/1.nellyXinwei/1.CODE/1.LEARN/Unity/FCCAwesomeTuts-LearnUnityBeginnerGameDevTutorial-20210415
/Users/NB3/Documents/1.nellyXinwei/1.CODE/1.LEARN/Unity/FCCAwesomeTuts-LearnUnityBeginnerGameDevTutorial-20210415
Using Asset Import Pipeline V2.
Refreshing native plugins compatible for Editor in 72.18 ms, found 3 plugins.
Preloading 0 native plugins for Editor in 0.00 ms.
Initialize engine version: 2020.3.12f1 (b3b2c6512326)
[Subsystems] Discovering subsystems at path /Applications/Unity/Hub/Editor/2020.3.12f1/Unity.app/Contents/Resources/UnitySubsystems
[Subsystems] Discovering subsystems at path /Users/NB3/Documents/1.nellyXinwei/1.CODE/1.LEARN/Unity/FCCAwesomeTuts-LearnUnityBeginnerGameDevTutorial-20210415/Assets
GfxDevice: creating device client; threaded=0
2021-06-29 15:44:27.971 Unity[81455:2035881] Color LCD preferred device: Intel(R) Iris(TM) Graphics 6100 (low power)
2021-06-29 15:44:27.971 Unity[81455:2035881] Metal devices available: 1
2021-06-29 15:44:27.971 Unity[81455:2035881] 0: Intel(R) Iris(TM) Graphics 6100 (low power)
2021-06-29 15:44:27.971 Unity[81455:2035881] Using device Intel(R) Iris(TM) Graphics 6100 (low power)
Initializing Metal device caps: Intel(R) Iris(TM) Graphics 6100
Initialize mono
Mono path[0] = '/Applications/Unity/Hub/Editor/2020.3.12f1/Unity.app/Contents/Managed'
Mono path[1] = '/Applications/Unity/Hub/Editor/2020.3.12f1/Unity.app/Contents/MonoBleedingEdge/lib/mono/unityjit'
Mono config path = '/Applications/Unity/Hub/Editor/2020.3.12f1/Unity.app/Contents/MonoBleedingEdge/etc'
Using monoOptions --debugger-agent=transport=dt_socket,embedding=1,server=y,suspend=n,address=127.0.0.1:56455
Begin MonoManager ReloadAssembly
Registering precompiled unity dll's ...
Register platform support module: /Applications/Unity/Hub/Editor/2020.3.12f1/Unity.app/Contents/PlaybackEngines/MacStandaloneSupport/UnityEditor.OSXStandalone.Extensions.dll
Register platform support module: /Applications/Unity/Hub/Editor/2020.3.12f1/PlaybackEngines/WindowsStandaloneSupport/UnityEditor.WindowsStandalone.Extensions.dll
Registered in 0.002860 seconds.
Native extension for WindowsStandalone target not found
Native extension for OSXStandalone target not found
Refreshing native plugins compatible for Editor in 53.42 ms, found 3 plugins.
Preloading 0 native plugins for Editor in 0.00 ms.
Mono: successfully reloaded assembly
- Completed reload, in  6.067 seconds
Platform modules already initialized, skipping
Registering precompiled user dll's ...
Registered in 0.005848 seconds.
Begin MonoManager ReloadAssembly
Native extension for WindowsStandalone target not found
Native extension for OSXStandalone target not found
Refreshing native plugins compatible for Editor in 133.35 ms, found 3 plugins.
Preloading 0 native plugins for Editor in 0.00 ms.
Mono: successfully reloaded assembly
- Completed reload, in  2.825 seconds
Platform modules already initialized, skipping
========================================================================
Worker process is ready to serve import requests
Launching external process: /Applications/Unity/Hub/Editor/2020.3.12f1/Unity.app/Contents/Tools/UnityShaderCompiler
Launched and connected shader compiler UnityShaderCompiler after 0.02 seconds
Refreshing native plugins compatible for Editor in 0.54 ms, found 3 plugins.
Preloading 0 native plugins for Editor in 0.00 ms.
Unloading 2080 Unused Serialized files (Serialized files now loaded: 0)
System memory in use before: 174.0 MB.
System memory in use after: 174.0 MB.

Unloading 33 unused Assets to reduce memory usage. Loaded Objects now: 2513.
Total: 7.014012 ms (FindLiveObjects: 0.664868 ms CreateObjectMapping: 0.265775 ms MarkObjects: 5.859270 ms  DeleteObjects: 0.222059 ms)

AssetImportParameters requested are different than current active one (requested -> active):
  custom:video-decoder-ogg-theora: a1e56fd34408186e4bbccfd4996cb3dc -> 
  custom:container-muxer-webm: aa71ff27fc2769a1b78a27578f13a17b -> 
  custom:container-demuxer-webm: 4f35f7cbe854078d1ac9338744f61a02 -> 
  custom:container-demuxer-ogg: 62fdf1f143b41e24485cea50d1cbac27 -> 
  custom:video-encoder-webm-vp8: eb34c28f22e8b96e1ab97ce403110664 -> 
  custom:framework-osx-AVFoundation: e770b220cccbd017edd2c1fefb359320 -> 
  custom:video-decoder-webm-vp8: 9c59270c3fd7afecdb556c50c9e8de78 -> 
  custom:audio-decoder-ogg-vorbis: bf7c407c2cedff20999df2af8eb42d56 -> 
  custom:audio-encoder-webm-vorbis: bf7c407c2cedff20999df2af8eb42d56 -> 
========================================================================
Received Import Request.
  path: Assets
  artifactKey: Guid(00000000000000001000000000000000) Importer(815301076,1909f56bfc062723c751e8b465ee728b)
Start importing Assets using Guid(00000000000000001000000000000000) Importer(815301076,1909f56bfc062723c751e8b465ee728b)  -> (artifact id: '42d402b061de3733987d63b9cc3b64de') in 0.006715 seconds 
  Import took 0.013526 seconds .

========================================================================
Received Import Request.
  Time since last request: 403.733398 seconds.
  path: Assets/Scenes/Sprites
  artifactKey: Guid(48c9ce48a42b34435afddc3a4b313f70) Importer(815301076,1909f56bfc062723c751e8b465ee728b)
Start importing Assets/Scenes/Sprites using Guid(48c9ce48a42b34435afddc3a4b313f70) Importer(815301076,1909f56bfc062723c751e8b465ee728b)  -> (artifact id: '111aa6c8b5d688fd88730a8cd272b7cd') in 0.007034 seconds 
  Import took 0.015394 seconds .

========================================================================
Received Import Request.
  Time since last request: 0.000575 seconds.
  path: Assets/Scenes/Sprites
  artifactKey: Guid(48c9ce48a42b34435afddc3a4b313f70) Importer(815301076,1909f56bfc062723c751e8b465ee728b)
Start importing Assets/Scenes/Sprites using Guid(48c9ce48a42b34435afddc3a4b313f70) Importer(815301076,1909f56bfc062723c751e8b465ee728b)  -> (artifact id: '111aa6c8b5d688fd88730a8cd272b7cd') in 0.003062 seconds 
  Import took 0.010811 seconds .

========================================================================
Received Import Request.
  Time since last request: 20.212927 seconds.
  path: Assets/Spirtes
  artifactKey: Guid(a7ebcb735ca9846b8bdc8e5234f3e22c) Importer(815301076,1909f56bfc062723c751e8b465ee728b)
Start importing Assets/Spirtes using Guid(a7ebcb735ca9846b8bdc8e5234f3e22c) Importer(815301076,1909f56bfc062723c751e8b465ee728b)  -> (artifact id: 'ac9a053d04d046154c7b5457874e8ace') in 0.004526 seconds 
  Import took 0.012467 seconds .

========================================================================
Received Import Request.
  Time since last request: 10.408111 seconds.
  path: Assets/Spirtes/Characters
  artifactKey: Guid(ddbcb82c3dab444c89a156a2b8d3ac86) Importer(815301076,1909f56bfc062723c751e8b465ee728b)
Start importing Assets/Spirtes/Characters using Guid(ddbcb82c3dab444c89a156a2b8d3ac86) Importer(815301076,1909f56bfc062723c751e8b465ee728b)  -> (artifact id: '3b7afb7b5027409b17191d481e9eaf0b') in 0.009889 seconds 
  Import took 0.017413 seconds .

========================================================================
Received Import Request.
  Time since last request: 3.369254 seconds.
  path: Assets/Spirtes/Characters/Character 1.png
  artifactKey: Guid(04521d96d2ff44e5c96e101b9ee981a9) Importer(815301076,1909f56bfc062723c751e8b465ee728b)
Start importing Assets/Spirtes/Characters/Character 1.png using Guid(04521d96d2ff44e5c96e101b9ee981a9) Importer(815301076,1909f56bfc062723c751e8b465ee728b)  -> (artifact id: '06b183afca7b51e82f4454023806f850') in 1.634851 seconds 
  Import took 1.641312 seconds .

========================================================================
Received Import Request.
  Time since last request: 498.377016 seconds.
  path: Assets/Spirtes/Characters/Character 1.png
  artifactKey: Guid(04521d96d2ff44e5c96e101b9ee981a9) Importer(815301076,1909f56bfc062723c751e8b465ee728b)
Start importing Assets/Spirtes/Characters/Character 1.png using Guid(04521d96d2ff44e5c96e101b9ee981a9) Importer(815301076,1909f56bfc062723c751e8b465ee728b)  -> (artifact id: '12915a2ed181a820b0bd533b9d335dab') in 0.058222 seconds 
  Import took 0.078133 seconds .

========================================================================
Received Import Request.
  Time since last request: 266.861182 seconds.
  path: Assets/Spirtes/Characters/Character 1.png
  artifactKey: Guid(04521d96d2ff44e5c96e101b9ee981a9) Importer(815301076,1909f56bfc062723c751e8b465ee728b)
Start importing Assets/Spirtes/Characters/Character 1.png using Guid(04521d96d2ff44e5c96e101b9ee981a9) Importer(815301076,1909f56bfc062723c751e8b465ee728b)  -> (artifact id: 'f4c93ef0b473144fe9fab5153a7dd8e8') in 0.086999 seconds 
  Import took 0.095732 seconds .

========================================================================
Received Prepare
Registering precompiled user dll's ...
Registered in 0.003933 seconds.
Begin MonoManager ReloadAssembly
Native extension for WindowsStandalone target not found
Native extension for OSXStandalone target not found
Refreshing native plugins compatible for Editor in 1.02 ms, found 3 plugins.
Preloading 0 native plugins for Editor in 0.00 ms.
Mono: successfully reloaded assembly
- Completed reload, in  2.218 seconds
Platform modules already initialized, skipping
Refreshing native plugins compatible for Editor in 1.00 ms, found 3 plugins.
Preloading 0 native plugins for Editor in 0.00 ms.
Unloading 2075 Unused Serialized files (Serialized files now loaded: 0)
System memory in use before: 181.9 MB.
System memory in use after: 181.8 MB.

Unloading 21 unused Assets to reduce memory usage. Loaded Objects now: 2525.
Total: 5.693939 ms (FindLiveObjects: 0.634242 ms CreateObjectMapping: 0.255630 ms MarkObjects: 4.578786 ms  DeleteObjects: 0.223436 ms)

AssetImportParameters requested are different than current active one (requested -> active):
  custom:video-decoder-ogg-theora: a1e56fd34408186e4bbccfd4996cb3dc -> 
  custom:container-muxer-webm: aa71ff27fc2769a1b78a27578f13a17b -> 
  custom:container-demuxer-webm: 4f35f7cbe854078d1ac9338744f61a02 -> 
  custom:container-demuxer-ogg: 62fdf1f143b41e24485cea50d1cbac27 -> 
  custom:video-encoder-webm-vp8: eb34c28f22e8b96e1ab97ce403110664 -> 
  custom:framework-osx-AVFoundation: e770b220cccbd017edd2c1fefb359320 -> 
  custom:video-decoder-webm-vp8: 9c59270c3fd7afecdb556c50c9e8de78 -> 
  custom:audio-decoder-ogg-vorbis: bf7c407c2cedff20999df2af8eb42d56 -> 
  custom:audio-encoder-webm-vorbis: bf7c407c2cedff20999df2af8eb42d56 -> 
========================================================================
Received Prepare
Registering precompiled user dll's ...
Registered in 0.005812 seconds.
Begin MonoManager ReloadAssembly
Native extension for WindowsStandalone target not found
Native extension for OSXStandalone target not found
Refreshing native plugins compatible for Editor in 0.48 ms, found 3 plugins.
Preloading 0 native plugins for Editor in 0.00 ms.
Mono: successfully reloaded assembly
- Completed reload, in  2.187 seconds
Platform modules already initialized, skipping
Refreshing native plugins compatible for Editor in 0.67 ms, found 3 plugins.
Preloading 0 native plugins for Editor in 0.00 ms.
Unloading 2075 Unused Serialized files (Serialized files now loaded: 0)
System memory in use before: 182.1 MB.
System memory in use after: 182.1 MB.

Unloading 21 unused Assets to reduce memory usage. Loaded Objects now: 2529.
Total: 3.388775 ms (FindLiveObjects: 0.341264 ms CreateObjectMapping: 0.153511 ms MarkObjects: 2.715580 ms  DeleteObjects: 0.176941 ms)

AssetImportParameters requested are different than current active one (requested -> active):
  custom:video-decoder-ogg-theora: a1e56fd34408186e4bbccfd4996cb3dc -> 
  custom:container-muxer-webm: aa71ff27fc2769a1b78a27578f13a17b -> 
  custom:container-demuxer-webm: 4f35f7cbe854078d1ac9338744f61a02 -> 
  custom:container-demuxer-ogg: 62fdf1f143b41e24485cea50d1cbac27 -> 
  custom:video-encoder-webm-vp8: eb34c28f22e8b96e1ab97ce403110664 -> 
  custom:framework-osx-AVFoundation: e770b220cccbd017edd2c1fefb359320 -> 
  custom:video-decoder-webm-vp8: 9c59270c3fd7afecdb556c50c9e8de78 -> 
  custom:audio-decoder-ogg-vorbis: bf7c407c2cedff20999df2af8eb42d56 -> 
  custom:audio-encoder-webm-vorbis: bf7c407c2cedff20999df2af8eb42d56 -> 
========================================================================
Received Prepare
Registering precompiled user dll's ...
Registered in 0.015645 seconds.
Begin MonoManager ReloadAssembly
Native extension for WindowsStandalone target not found
Native extension for OSXStandalone target not found
Refreshing native plugins compatible for Editor in 0.67 ms, found 3 plugins.
Preloading 0 native plugins for Editor in 0.00 ms.
Mono: successfully reloaded assembly
- Completed reload, in  2.099 seconds
Platform modules already initialized, skipping
Refreshing native plugins compatible for Editor in 2.07 ms, found 3 plugins.
Preloading 0 native plugins for Editor in 0.00 ms.
Unloading 2075 Unused Serialized files (Serialized files now loaded: 0)
System memory in use before: 182.3 MB.
System memory in use after: 182.3 MB.

Unloading 21 unused Assets to reduce memory usage. Loaded Objects now: 2533.
Total: 7.544584 ms (FindLiveObjects: 1.644224 ms CreateObjectMapping: 0.425009 ms MarkObjects: 4.930498 ms  DeleteObjects: 0.542236 ms)

AssetImportParameters requested are different than current active one (requested -> active):
  custom:video-decoder-ogg-theora: a1e56fd34408186e4bbccfd4996cb3dc -> 
  custom:container-muxer-webm: aa71ff27fc2769a1b78a27578f13a17b -> 
  custom:container-demuxer-webm: 4f35f7cbe854078d1ac9338744f61a02 -> 
  custom:container-demuxer-ogg: 62fdf1f143b41e24485cea50d1cbac27 -> 
  custom:video-encoder-webm-vp8: eb34c28f22e8b96e1ab97ce403110664 -> 
  custom:framework-osx-AVFoundation: e770b220cccbd017edd2c1fefb359320 -> 
  custom:video-decoder-webm-vp8: 9c59270c3fd7afecdb556c50c9e8de78 -> 
  custom:audio-decoder-ogg-vorbis: bf7c407c2cedff20999df2af8eb42d56 -> 
  custom:audio-encoder-webm-vorbis: bf7c407c2cedff20999df2af8eb42d56 -> 
========================================================================
Received Prepare
Registering precompiled user dll's ...
Registered in 0.008209 seconds.
Begin MonoManager ReloadAssembly
Native extension for WindowsStandalone target not found
Native extension for OSXStandalone target not found
Refreshing native plugins compatible for Editor in 0.94 ms, found 3 plugins.
Preloading 0 native plugins for Editor in 0.00 ms.
Mono: successfully reloaded assembly
- Completed reload, in  4.000 seconds
Platform modules already initialized, skipping
Refreshing native plugins compatible for Editor in 0.67 ms, found 3 plugins.
Preloading 0 native plugins for Editor in 0.00 ms.
Unloading 2075 Unused Serialized files (Serialized files now loaded: 0)
System memory in use before: 182.5 MB.
System memory in use after: 182.5 MB.

Unloading 21 unused Assets to reduce memory usage. Loaded Objects now: 2537.
Total: 3.216281 ms (FindLiveObjects: 0.423705 ms CreateObjectMapping: 0.104586 ms MarkObjects: 2.563348 ms  DeleteObjects: 0.123420 ms)

AssetImportParameters requested are different than current active one (requested -> active):
  custom:video-decoder-ogg-theora: a1e56fd34408186e4bbccfd4996cb3dc -> 
  custom:container-muxer-webm: aa71ff27fc2769a1b78a27578f13a17b -> 
  custom:container-demuxer-webm: 4f35f7cbe854078d1ac9338744f61a02 -> 
  custom:container-demuxer-ogg: 62fdf1f143b41e24485cea50d1cbac27 -> 
  custom:video-encoder-webm-vp8: eb34c28f22e8b96e1ab97ce403110664 -> 
  custom:framework-osx-AVFoundation: e770b220cccbd017edd2c1fefb359320 -> 
  custom:video-decoder-webm-vp8: 9c59270c3fd7afecdb556c50c9e8de78 -> 
  custom:audio-decoder-ogg-vorbis: bf7c407c2cedff20999df2af8eb42d56 -> 
  custom:audio-encoder-webm-vorbis: bf7c407c2cedff20999df2af8eb42d56 -> 
========================================================================
Received Import Request.
  Time since last request: 2160.528182 seconds.
  path: Assets/Sounds
  artifactKey: Guid(c0985502aa7f14718b322457551a3cf9) Importer(815301076,1909f56bfc062723c751e8b465ee728b)
Start importing Assets/Sounds using Guid(c0985502aa7f14718b322457551a3cf9) Importer(815301076,1909f56bfc062723c751e8b465ee728b)  -> (artifact id: 'dde23898d2e60998a2aac1c7aea5c262') in 0.092772 seconds 
  Import took 0.155305 seconds .

========================================================================
Received Prepare
Registering precompiled user dll's ...
Registered in 0.007558 seconds.
Begin MonoManager ReloadAssembly
Native extension for WindowsStandalone target not found
Native extension for OSXStandalone target not found
Refreshing native plugins compatible for Editor in 0.49 ms, found 3 plugins.
Preloading 0 native plugins for Editor in 0.00 ms.
Mono: successfully reloaded assembly
- Completed reload, in  1.968 seconds
Platform modules already initialized, skipping
Refreshing native plugins compatible for Editor in 0.75 ms, found 3 plugins.
Preloading 0 native plugins for Editor in 0.00 ms.
Unloading 2075 Unused Serialized files (Serialized files now loaded: 0)
System memory in use before: 182.7 MB.
System memory in use after: 182.7 MB.

Unloading 21 unused Assets to reduce memory usage. Loaded Objects now: 2541.
Total: 4.161038 ms (FindLiveObjects: 0.499587 ms CreateObjectMapping: 0.198148 ms MarkObjects: 3.193637 ms  DeleteObjects: 0.267953 ms)

AssetImportParameters requested are different than current active one (requested -> active):
  custom:video-decoder-ogg-theora: a1e56fd34408186e4bbccfd4996cb3dc -> 
  custom:container-muxer-webm: aa71ff27fc2769a1b78a27578f13a17b -> 
  custom:container-demuxer-webm: 4f35f7cbe854078d1ac9338744f61a02 -> 
  custom:container-demuxer-ogg: 62fdf1f143b41e24485cea50d1cbac27 -> 
  custom:video-encoder-webm-vp8: eb34c28f22e8b96e1ab97ce403110664 -> 
  custom:framework-osx-AVFoundation: e770b220cccbd017edd2c1fefb359320 -> 
  custom:video-decoder-webm-vp8: 9c59270c3fd7afecdb556c50c9e8de78 -> 
  custom:audio-decoder-ogg-vorbis: bf7c407c2cedff20999df2af8eb42d56 -> 
  custom:audio-encoder-webm-vorbis: bf7c407c2cedff20999df2af8eb42d56 -> 
========================================================================
Received Prepare
Registering precompiled user dll's ...
Registered in 0.009994 seconds.
Begin MonoManager ReloadAssembly
Native extension for WindowsStandalone target not found
Native extension for OSXStandalone target not found
Refreshing native plugins compatible for Editor in 0.63 ms, found 3 plugins.
Preloading 0 native plugins for Editor in 0.00 ms.
Mono: successfully reloaded assembly
- Completed reload, in  4.370 seconds
Platform modules already initialized, skipping
Refreshing native plugins compatible for Editor in 9.12 ms, found 3 plugins.
Preloading 0 native plugins for Editor in 0.00 ms.
Unloading 2075 Unused Serialized files (Serialized files now loaded: 0)
System memory in use before: 182.9 MB.
System memory in use after: 182.9 MB.

Unloading 21 unused Assets to reduce memory usage. Loaded Objects now: 2545.
Total: 8.335538 ms (FindLiveObjects: 3.800212 ms CreateObjectMapping: 0.154633 ms MarkObjects: 4.101045 ms  DeleteObjects: 0.276933 ms)

AssetImportParameters requested are different than current active one (requested -> active):
  custom:video-decoder-ogg-theora: a1e56fd34408186e4bbccfd4996cb3dc -> 
  custom:container-muxer-webm: aa71ff27fc2769a1b78a27578f13a17b -> 
  custom:container-demuxer-webm: 4f35f7cbe854078d1ac9338744f61a02 -> 
  custom:container-demuxer-ogg: 62fdf1f143b41e24485cea50d1cbac27 -> 
  custom:video-encoder-webm-vp8: eb34c28f22e8b96e1ab97ce403110664 -> 
  custom:framework-osx-AVFoundation: e770b220cccbd017edd2c1fefb359320 -> 
  custom:video-decoder-webm-vp8: 9c59270c3fd7afecdb556c50c9e8de78 -> 
  custom:audio-decoder-ogg-vorbis: bf7c407c2cedff20999df2af8eb42d56 -> 
  custom:audio-encoder-webm-vorbis: bf7c407c2cedff20999df2af8eb42d56 -> 
